app/build/intermediates/manifest_merge_blame_file/debug/manifest-merger-blame-debug-report.txt
1<?xml version="1.0" encoding="utf-8"?>
2<manifest xmlns:android="http://schemas.android.com/apk/res/android"
3    package="in.nsoft.hescomspotbilling"
4    android:versionCode="69"
5    android:versionName="6.90" >
6
7    <uses-sdk
8        android:minSdkVersion="22"
8-->src\main\AndroidManifest.xml
9        android:targetSdkVersion="26" />
9-->src\main\AndroidManifest.xml
10
11    <uses-permission android:name="android.permission.RECEIVE_BOOT_COMPLETED" />
11-->src\main\AndroidManifest.xml:9:5-81
11-->src\main\AndroidManifest.xml:9:22-78
12    <uses-permission android:name="android.permission.INTERNET" />
12-->src\main\AndroidManifest.xml:10:5-67
12-->src\main\AndroidManifest.xml:10:22-64
13    <uses-permission android:name="android.permission.BLUETOOTH" />
13-->src\main\AndroidManifest.xml:11:5-68
13-->src\main\AndroidManifest.xml:11:22-65
14    <uses-permission android:name="android.permission.BLUETOOTH_ADMIN" />
14-->src\main\AndroidManifest.xml:12:5-74
14-->src\main\AndroidManifest.xml:12:22-71
15    <uses-permission android:name="android.permission.ACCESS_NETWORK_STATE" />
15-->src\main\AndroidManifest.xml:13:5-79
15-->src\main\AndroidManifest.xml:13:22-76
16    <uses-permission android:name="android.permission.WRITE_EXTERNAL_STORAGE" />
16-->src\main\AndroidManifest.xml:14:5-81
16-->src\main\AndroidManifest.xml:14:22-78
17    <uses-permission android:name="android.permission.READ_EXTERNAL_STORAGE" />
17-->src\main\AndroidManifest.xml:15:5-80
17-->src\main\AndroidManifest.xml:15:22-77
18    <uses-permission android:name="android.permission.READ_PHONE_STATE" />
18-->src\main\AndroidManifest.xml:16:5-75
18-->src\main\AndroidManifest.xml:16:22-72
19    <uses-permission android:name="android.permission.CAMERA" />
19-->src\main\AndroidManifest.xml:17:5-65
19-->src\main\AndroidManifest.xml:17:22-62
20    <uses-permission android:name="android.permission.ACCESS_FINE_LOCATION" />
20-->src\main\AndroidManifest.xml:18:5-79
20-->src\main\AndroidManifest.xml:18:22-76
21    <uses-permission android:name="android.permission.LOCATION_SERVICE" />
21-->src\main\AndroidManifest.xml:19:5-75
21-->src\main\AndroidManifest.xml:19:22-72
22
23    <permission
23-->src\main\AndroidManifest.xml:21:5-23:47
24        android:name="in.nsoft.hescomspotbilling.permission.MAPS_RECEIVE"
24-->src\main\AndroidManifest.xml:22:9-74
25        android:protectionLevel="signature" />
25-->src\main\AndroidManifest.xml:23:9-44
26
27    <uses-permission android:name="in.nsoft.hescomspotbilling.permission.MAPS_RECEIVE" />
27-->src\main\AndroidManifest.xml:25:5-90
27-->src\main\AndroidManifest.xml:25:22-87
28
29    <uses-feature
29-->src\main\AndroidManifest.xml:27:5-29:35
30        android:name="android.hardware.location.gps"
30-->src\main\AndroidManifest.xml:28:9-53
31        android:required="true" />
31-->src\main\AndroidManifest.xml:29:9-32
32    <uses-feature android:name="android.hardware.camera" />
32-->src\main\AndroidManifest.xml:30:5-60
32-->src\main\AndroidManifest.xml:30:19-57
33    <uses-feature
33-->[com.google.android.gms:play-services-maps:12.0.1] AndroidManifest.xml:26:5-28:35
34        android:glEsVersion="0x00020000"
34-->[com.google.android.gms:play-services-maps:12.0.1] AndroidManifest.xml:27:9-41
35        android:required="true" /> <!-- Optional permission for Analytics to run. -->
35-->[com.google.android.gms:play-services-maps:12.0.1] AndroidManifest.xml:28:9-32
36    <uses-permission android:name="android.permission.WAKE_LOCK" /> <!-- Required by older versions of Google Play services to create GCM registration tokens -->
36-->[com.google.android.gms:play-services-analytics:12.0.1] AndroidManifest.xml:27:5-68
36-->[com.google.android.gms:play-services-analytics:12.0.1] AndroidManifest.xml:27:22-65
37    <uses-permission android:name="com.google.android.c2dm.permission.RECEIVE" />
37-->[com.google.android.gms:play-services-gcm:12.0.1] AndroidManifest.xml:23:5-82
37-->[com.google.android.gms:play-services-gcm:12.0.1] AndroidManifest.xml:23:22-79
38
39    <permission
39-->[com.google.firebase:firebase-iid:12.0.1] AndroidManifest.xml:28:5-30:47
40        android:name="in.nsoft.hescomspotbilling.permission.C2D_MESSAGE"
40-->[com.google.firebase:firebase-iid:12.0.1] AndroidManifest.xml:29:9-63
41        android:protectionLevel="signature" />
41-->[com.google.firebase:firebase-iid:12.0.1] AndroidManifest.xml:30:9-44
42
43    <uses-permission android:name="in.nsoft.hescomspotbilling.permission.C2D_MESSAGE" />
43-->[com.google.firebase:firebase-iid:12.0.1] AndroidManifest.xml:32:5-79
43-->[com.google.firebase:firebase-iid:12.0.1] AndroidManifest.xml:32:22-76
44
45    <application
45-->src\main\AndroidManifest.xml:32:5-413:19
46        android:allowBackup="true"
46-->src\main\AndroidManifest.xml:33:9-35
47        android:debuggable="true"
48        android:icon="@drawable/ic_launcher"
48-->src\main\AndroidManifest.xml:34:9-45
49        android:testOnly="true"
50        android:theme="@style/MyTheme" >
50-->src\main\AndroidManifest.xml:35:9-39
51        <activity
51-->src\main\AndroidManifest.xml:36:9-52:20
52            android:name="in.nsoft.hescomspotbilling.LoginActivity"
52-->src\main\AndroidManifest.xml:37:13-68
53            android:configChanges="orientation|keyboardHidden"
53-->src\main\AndroidManifest.xml:38:13-63
54            android:label="@string/app_name"
54-->src\main\AndroidManifest.xml:39:13-45
55            android:screenOrientation="portrait" >
55-->src\main\AndroidManifest.xml:40:13-49
56            <intent-filter>
56-->src\main\AndroidManifest.xml:41:13-45:29
57                <action android:name="android.intent.action.MAIN" />
57-->src\main\AndroidManifest.xml:42:17-69
57-->src\main\AndroidManifest.xml:42:25-66
58
59                <category android:name="android.intent.category.LAUNCHER" />
59-->src\main\AndroidManifest.xml:44:17-77
59-->src\main\AndroidManifest.xml:44:27-74
60            </intent-filter>
61
62            <meta-data
62-->src\main\AndroidManifest.xml:48:13-51:25
63                android:name="android.hardware.usb.action.USB_ACCESSORY_ATTACHED"
63-->src\main\AndroidManifest.xml:49:17-82
64                android:resource="@xml/accessory_filter" >
64-->src\main\AndroidManifest.xml:50:17-57
65            </meta-data>
66        </activity>
67
68        <meta-data
68-->src\main\AndroidManifest.xml:48:13-51:25
69            android:name="android.hardware.usb.action.USB_ACCESSORY_ATTACHED"
69-->src\main\AndroidManifest.xml:49:17-82
70            android:resource="@xml/accessory_filter" >
70-->src\main\AndroidManifest.xml:50:17-57
71        </meta-data>
72
73        <activity
73-->src\main\AndroidManifest.xml:61:9-66:20
74            android:name="in.nsoft.hescomspotbilling.CameraActivity"
74-->src\main\AndroidManifest.xml:62:13-69
75            android:configChanges="orientation|screenSize"
75-->src\main\AndroidManifest.xml:63:13-59
76            android:label="@string/app_name"
76-->src\main\AndroidManifest.xml:64:13-45
77            android:screenOrientation="landscape" >
77-->src\main\AndroidManifest.xml:65:13-50
78        </activity>
79        <activity
79-->src\main\AndroidManifest.xml:67:9-72:20
80            android:name="in.nsoft.hescomspotbilling.CameraChequeActivity"
80-->src\main\AndroidManifest.xml:68:13-75
81            android:configChanges="orientation|screenSize"
81-->src\main\AndroidManifest.xml:69:13-59
82            android:label="@string/app_name"
82-->src\main\AndroidManifest.xml:70:13-45
83            android:screenOrientation="landscape" >
83-->src\main\AndroidManifest.xml:71:13-50
84        </activity>
85        <activity
85-->src\main\AndroidManifest.xml:73:9-78:20
86            android:name="in.nsoft.hescomspotbilling.Billing"
86-->src\main\AndroidManifest.xml:74:13-62
87            android:configChanges="orientation|keyboardHidden"
87-->src\main\AndroidManifest.xml:75:13-63
88            android:label="@string/app_name"
88-->src\main\AndroidManifest.xml:76:13-45
89            android:screenOrientation="portrait" >
89-->src\main\AndroidManifest.xml:77:13-49
90        </activity>
91        <activity
91-->src\main\AndroidManifest.xml:79:9-84:20
92            android:name="in.nsoft.hescomspotbilling.HomePage"
92-->src\main\AndroidManifest.xml:80:13-63
93            android:configChanges="orientation|keyboardHidden"
93-->src\main\AndroidManifest.xml:81:13-63
94            android:label="@string/app_name"
94-->src\main\AndroidManifest.xml:82:13-45
95            android:screenOrientation="portrait" >
95-->src\main\AndroidManifest.xml:83:13-49
96        </activity>
97        <activity
97-->src\main\AndroidManifest.xml:85:9-90:20
98            android:name="in.nsoft.hescomspotbilling.BillingConsumption"
98-->src\main\AndroidManifest.xml:86:13-73
99            android:configChanges="orientation|keyboardHidden"
99-->src\main\AndroidManifest.xml:87:13-63
100            android:label="@string/app_name"
100-->src\main\AndroidManifest.xml:88:13-45
101            android:screenOrientation="portrait" >
101-->src\main\AndroidManifest.xml:89:13-49
102        </activity>
103        <activity
103-->src\main\AndroidManifest.xml:92:9-97:20
104            android:name="in.nsoft.hescomspotbilling.OtherBrowseActivity"
104-->src\main\AndroidManifest.xml:93:13-74
105            android:configChanges="orientation|keyboardHidden"
105-->src\main\AndroidManifest.xml:94:13-63
106            android:label="@string/app_name"
106-->src\main\AndroidManifest.xml:95:13-45
107            android:screenOrientation="portrait" >
107-->src\main\AndroidManifest.xml:96:13-49
108        </activity>
109        <activity
109-->src\main\AndroidManifest.xml:98:9-103:20
110            android:name="in.nsoft.hescomspotbilling.OtherListActivity"
110-->src\main\AndroidManifest.xml:99:13-72
111            android:configChanges="orientation|keyboardHidden"
111-->src\main\AndroidManifest.xml:100:13-63
112            android:label="@string/app_name"
112-->src\main\AndroidManifest.xml:101:13-45
113            android:screenOrientation="portrait" >
113-->src\main\AndroidManifest.xml:102:13-49
114        </activity>
115        <activity
115-->src\main\AndroidManifest.xml:104:9-109:20
116            android:name="in.nsoft.hescomspotbilling.OtherBrowseListActivity"
116-->src\main\AndroidManifest.xml:105:13-78
117            android:configChanges="orientation|keyboardHidden"
117-->src\main\AndroidManifest.xml:106:13-63
118            android:label="@string/app_name"
118-->src\main\AndroidManifest.xml:107:13-45
119            android:screenOrientation="portrait" >
119-->src\main\AndroidManifest.xml:108:13-49
120        </activity>
121        <activity
121-->src\main\AndroidManifest.xml:110:9-115:20
122            android:name="in.nsoft.hescomspotbilling.ReportListActivity"
122-->src\main\AndroidManifest.xml:111:13-73
123            android:configChanges="orientation|keyboardHidden"
123-->src\main\AndroidManifest.xml:112:13-63
124            android:label="@string/app_name"
124-->src\main\AndroidManifest.xml:113:13-45
125            android:screenOrientation="portrait" >
125-->src\main\AndroidManifest.xml:114:13-49
126        </activity>
127        <activity
127-->src\main\AndroidManifest.xml:116:9-121:20
128            android:name="in.nsoft.hescomspotbilling.ReportBillingActivity"
128-->src\main\AndroidManifest.xml:117:13-76
129            android:configChanges="orientation|keyboardHidden"
129-->src\main\AndroidManifest.xml:118:13-63
130            android:label="@string/app_name"
130-->src\main\AndroidManifest.xml:119:13-45
131            android:screenOrientation="portrait" >
131-->src\main\AndroidManifest.xml:120:13-49
132        </activity>
133        <activity
133-->src\main\AndroidManifest.xml:122:9-127:20
134            android:name="in.nsoft.hescomspotbilling.ReportNotBilledActivity"
134-->src\main\AndroidManifest.xml:123:13-78
135            android:configChanges="orientation|keyboardHidden"
135-->src\main\AndroidManifest.xml:124:13-63
136            android:label="@string/app_name"
136-->src\main\AndroidManifest.xml:125:13-45
137            android:screenOrientation="portrait" >
137-->src\main\AndroidManifest.xml:126:13-49
138        </activity>
139        <activity
139-->src\main\AndroidManifest.xml:128:9-133:20
140            android:name="in.nsoft.hescomspotbilling.ReportStatusActivity"
140-->src\main\AndroidManifest.xml:129:13-75
141            android:configChanges="orientation|keyboardHidden"
141-->src\main\AndroidManifest.xml:130:13-63
142            android:label="@string/app_name"
142-->src\main\AndroidManifest.xml:131:13-45
143            android:screenOrientation="portrait" >
143-->src\main\AndroidManifest.xml:132:13-49
144        </activity>
145        <activity
145-->src\main\AndroidManifest.xml:134:9-139:20
146            android:name="in.nsoft.hescomspotbilling.ReportStatusListActivity"
146-->src\main\AndroidManifest.xml:135:13-79
147            android:configChanges="orientation|keyboardHidden"
147-->src\main\AndroidManifest.xml:136:13-63
148            android:label="@string/app_name"
148-->src\main\AndroidManifest.xml:137:13-45
149            android:screenOrientation="portrait" >
149-->src\main\AndroidManifest.xml:138:13-49
150        </activity>
151        <activity
151-->src\main\AndroidManifest.xml:140:9-145:20
152            android:name="in.nsoft.hescomspotbilling.WriteFileToSDCardActivity"
152-->src\main\AndroidManifest.xml:141:13-80
153            android:configChanges="orientation|keyboardHidden"
153-->src\main\AndroidManifest.xml:142:13-63
154            android:label="@string/app_name"
154-->src\main\AndroidManifest.xml:143:13-45
155            android:screenOrientation="portrait" >
155-->src\main\AndroidManifest.xml:144:13-49
156        </activity>
157        <activity
157-->src\main\AndroidManifest.xml:146:9-151:20
158            android:name="in.nsoft.hescomspotbilling.DownloadDBToSDCardActivity"
158-->src\main\AndroidManifest.xml:147:13-81
159            android:configChanges="orientation|keyboardHidden"
159-->src\main\AndroidManifest.xml:148:13-63
160            android:label="@string/app_name"
160-->src\main\AndroidManifest.xml:149:13-45
161            android:screenOrientation="portrait" >
161-->src\main\AndroidManifest.xml:150:13-49
162        </activity>
163        <activity
163-->src\main\AndroidManifest.xml:152:9-157:20
164            android:name="in.nsoft.hescomspotbilling.ReportGPRSActivity"
164-->src\main\AndroidManifest.xml:153:13-73
165            android:configChanges="orientation|keyboardHidden"
165-->src\main\AndroidManifest.xml:154:13-63
166            android:label="@string/app_name"
166-->src\main\AndroidManifest.xml:155:13-45
167            android:screenOrientation="portrait" >
167-->src\main\AndroidManifest.xml:156:13-49
168        </activity>
169
170        <receiver android:name="in.nsoft.hescomspotbilling.InternetStartUpReceiver" >
170-->src\main\AndroidManifest.xml:159:9-163:20
170-->src\main\AndroidManifest.xml:159:19-84
171            <intent-filter>
171-->src\main\AndroidManifest.xml:160:13-162:29
172                <action android:name="android.net.conn.CONNECTIVITY_CHANGE" />
172-->src\main\AndroidManifest.xml:161:17-79
172-->src\main\AndroidManifest.xml:161:25-76
173            </intent-filter>
174        </receiver>
175
176        <activity
176-->src\main\AndroidManifest.xml:165:9-170:20
177            android:name="in.nsoft.hescomspotbilling.AboutAppActivity"
177-->src\main\AndroidManifest.xml:166:13-71
178            android:configChanges="orientation|keyboardHidden"
178-->src\main\AndroidManifest.xml:167:13-63
179            android:label="@string/app_name"
179-->src\main\AndroidManifest.xml:168:13-45
180            android:screenOrientation="portrait" >
180-->src\main\AndroidManifest.xml:169:13-49
181        </activity>
182        <activity
182-->src\main\AndroidManifest.xml:171:9-176:20
183            android:name="in.nsoft.hescomspotbilling.CollectionActivity"
183-->src\main\AndroidManifest.xml:172:13-73
184            android:configChanges="orientation|keyboardHidden"
184-->src\main\AndroidManifest.xml:173:13-63
185            android:label="@string/app_name"
185-->src\main\AndroidManifest.xml:174:13-45
186            android:screenOrientation="portrait" >
186-->src\main\AndroidManifest.xml:175:13-49
187        </activity>
188        <activity
188-->src\main\AndroidManifest.xml:177:9-182:20
189            android:name="in.nsoft.hescomspotbilling.CollectionCashActivity"
189-->src\main\AndroidManifest.xml:178:13-77
190            android:configChanges="orientation|keyboardHidden"
190-->src\main\AndroidManifest.xml:179:13-63
191            android:label="@string/app_name"
191-->src\main\AndroidManifest.xml:180:13-45
192            android:screenOrientation="portrait" >
192-->src\main\AndroidManifest.xml:181:13-49
193        </activity>
194        <activity
194-->src\main\AndroidManifest.xml:183:9-188:20
195            android:name="in.nsoft.hescomspotbilling.CollectionChequeActivity"
195-->src\main\AndroidManifest.xml:184:13-79
196            android:configChanges="orientation|keyboardHidden"
196-->src\main\AndroidManifest.xml:185:13-63
197            android:label="@string/app_name"
197-->src\main\AndroidManifest.xml:186:13-45
198            android:screenOrientation="portrait" >
198-->src\main\AndroidManifest.xml:187:13-49
199        </activity>
200        <activity
200-->src\main\AndroidManifest.xml:189:9-194:20
201            android:name="in.nsoft.hescomspotbilling.CashCounterSyncActivity"
201-->src\main\AndroidManifest.xml:190:13-78
202            android:configChanges="orientation|keyboardHidden"
202-->src\main\AndroidManifest.xml:191:13-63
203            android:label="@string/app_name"
203-->src\main\AndroidManifest.xml:192:13-45
204            android:screenOrientation="portrait" >
204-->src\main\AndroidManifest.xml:193:13-49
205        </activity>
206        <activity
206-->src\main\AndroidManifest.xml:195:9-200:20
207            android:name="in.nsoft.hescomspotbilling.CollectionStartActivity"
207-->src\main\AndroidManifest.xml:196:13-78
208            android:configChanges="orientation|keyboardHidden"
208-->src\main\AndroidManifest.xml:197:13-63
209            android:label="@string/app_name"
209-->src\main\AndroidManifest.xml:198:13-45
210            android:screenOrientation="portrait" >
210-->src\main\AndroidManifest.xml:199:13-49
211        </activity>
212        <activity
212-->src\main\AndroidManifest.xml:201:9-206:20
213            android:name="in.nsoft.hescomspotbilling.ReportCashCounterDetailsActivity"
213-->src\main\AndroidManifest.xml:202:13-87
214            android:configChanges="orientation|keyboardHidden"
214-->src\main\AndroidManifest.xml:203:13-63
215            android:label="@string/app_name"
215-->src\main\AndroidManifest.xml:204:13-45
216            android:screenOrientation="portrait" >
216-->src\main\AndroidManifest.xml:205:13-49
217        </activity>
218        <activity
218-->src\main\AndroidManifest.xml:207:9-212:20
219            android:name="in.nsoft.hescomspotbilling.ReportBescomCopyPrintActivity"
219-->src\main\AndroidManifest.xml:208:13-84
220            android:configChanges="orientation|keyboardHidden"
220-->src\main\AndroidManifest.xml:209:13-63
221            android:label="@string/app_name"
221-->src\main\AndroidManifest.xml:210:13-45
222            android:screenOrientation="portrait" >
222-->src\main\AndroidManifest.xml:211:13-49
223        </activity>
224        <activity
224-->src\main\AndroidManifest.xml:213:9-218:20
225            android:name="in.nsoft.hescomspotbilling.ReportRRNoWiseCollectionActivity"
225-->src\main\AndroidManifest.xml:214:13-87
226            android:configChanges="orientation|keyboardHidden"
226-->src\main\AndroidManifest.xml:215:13-63
227            android:label="@string/app_name"
227-->src\main\AndroidManifest.xml:216:13-45
228            android:screenOrientation="portrait" >
228-->src\main\AndroidManifest.xml:217:13-49
229        </activity>
230        <activity
230-->src\main\AndroidManifest.xml:219:9-224:20
231            android:name="in.nsoft.hescomspotbilling.ReportCollectionDetailsActivity"
231-->src\main\AndroidManifest.xml:220:13-86
232            android:configChanges="orientation|keyboardHidden"
232-->src\main\AndroidManifest.xml:221:13-63
233            android:label="@string/app_name"
233-->src\main\AndroidManifest.xml:222:13-45
234            android:screenOrientation="portrait" >
234-->src\main\AndroidManifest.xml:223:13-49
235        </activity>
236        <activity
236-->src\main\AndroidManifest.xml:225:9-230:20
237            android:name="in.nsoft.hescomspotbilling.ReportDayWiseCollectionActivity"
237-->src\main\AndroidManifest.xml:226:13-86
238            android:configChanges="orientation|keyboardHidden"
238-->src\main\AndroidManifest.xml:227:13-63
239            android:label="@string/app_name"
239-->src\main\AndroidManifest.xml:228:13-45
240            android:screenOrientation="portrait" >
240-->src\main\AndroidManifest.xml:229:13-49
241        </activity>
242        <activity
242-->src\main\AndroidManifest.xml:231:9-236:20
243            android:name="in.nsoft.hescomspotbilling.BluethoothDiscoveryActivity"
243-->src\main\AndroidManifest.xml:232:13-82
244            android:configChanges="orientation|keyboardHidden"
244-->src\main\AndroidManifest.xml:233:13-63
245            android:label="@string/app_name"
245-->src\main\AndroidManifest.xml:234:13-45
246            android:screenOrientation="portrait" >
246-->src\main\AndroidManifest.xml:235:13-49
247        </activity>
248
249        <!--
250        <receiver android:name="in.nsoft.hescomspotbilling.TimeChangedReceiver" >
251            <intent-filter>
252                <action android:name="android.intent.action.DATE_CHANGED" />    
253                <action android:name="android.intent.action.TIME_SET" />              
254            </intent-filter>
255        </receiver>
256        -->
257        <receiver android:name="in.nsoft.hescomspotbilling.DynamicBluetooth" >
257-->src\main\AndroidManifest.xml:252:9-256:20
257-->src\main\AndroidManifest.xml:252:19-77
258            <intent-filter>
258-->src\main\AndroidManifest.xml:253:13-255:29
259                <action android:name="android.bluetooth.device.action.FOUND" />
259-->src\main\AndroidManifest.xml:254:17-80
259-->src\main\AndroidManifest.xml:254:25-77
260            </intent-filter>
261        </receiver>
262
263        <activity
263-->src\main\AndroidManifest.xml:258:9-263:20
264            android:name="in.nsoft.hescomspotbilling.ReportGPRSNotSentList"
264-->src\main\AndroidManifest.xml:259:13-76
265            android:configChanges="orientation|keyboardHidden"
265-->src\main\AndroidManifest.xml:260:13-63
266            android:label="@string/app_name"
266-->src\main\AndroidManifest.xml:261:13-45
267            android:screenOrientation="portrait" >
267-->src\main\AndroidManifest.xml:262:13-49
268        </activity>
269        <activity
269-->src\main\AndroidManifest.xml:264:9-269:20
270            android:name="in.nsoft.hescomspotbilling.ReportDayWiseCollectionListActivity"
270-->src\main\AndroidManifest.xml:265:13-90
271            android:configChanges="orientation|keyboardHidden"
271-->src\main\AndroidManifest.xml:266:13-63
272            android:label="@string/app_name"
272-->src\main\AndroidManifest.xml:267:13-45
273            android:screenOrientation="portrait" >
273-->src\main\AndroidManifest.xml:268:13-49
274        </activity>
275        <activity
275-->src\main\AndroidManifest.xml:270:9-275:20
276            android:name="in.nsoft.hescomspotbilling.DownloadFileFromServerActivity"
276-->src\main\AndroidManifest.xml:271:13-85
277            android:configChanges="orientation|keyboardHidden"
277-->src\main\AndroidManifest.xml:272:13-63
278            android:label="@string/app_name"
278-->src\main\AndroidManifest.xml:273:13-45
279            android:screenOrientation="portrait" >
279-->src\main\AndroidManifest.xml:274:13-49
280        </activity>
281        <activity
281-->src\main\AndroidManifest.xml:276:9-281:20
282            android:name="in.nsoft.hescomspotbilling.ReportTPFeederActivity"
282-->src\main\AndroidManifest.xml:277:13-77
283            android:configChanges="orientation|keyboardHidden"
283-->src\main\AndroidManifest.xml:278:13-63
284            android:label="@string/app_name"
284-->src\main\AndroidManifest.xml:279:13-45
285            android:screenOrientation="portrait" >
285-->src\main\AndroidManifest.xml:280:13-49
286        </activity>
287        <activity
287-->src\main\AndroidManifest.xml:282:9-287:20
288            android:name="in.nsoft.hescomspotbilling.MobileStatusActivity"
288-->src\main\AndroidManifest.xml:283:13-75
289            android:configChanges="orientation|keyboardHidden"
289-->src\main\AndroidManifest.xml:284:13-63
290            android:label="@string/app_name"
290-->src\main\AndroidManifest.xml:285:13-45
291            android:screenOrientation="portrait" >
291-->src\main\AndroidManifest.xml:286:13-49
292        </activity>
293        <activity
293-->src\main\AndroidManifest.xml:289:9-294:20
294            android:name="in.nsoft.hescomspotbilling.CameraActivityFacialMaster"
294-->src\main\AndroidManifest.xml:290:13-81
295            android:configChanges="orientation|screenSize"
295-->src\main\AndroidManifest.xml:291:13-59
296            android:label="@string/app_name"
296-->src\main\AndroidManifest.xml:292:13-45
297            android:screenOrientation="portrait" >
297-->src\main\AndroidManifest.xml:293:13-49
298        </activity>
299        <activity
299-->src\main\AndroidManifest.xml:295:9-301:20
300            android:name="in.nsoft.hescomspotbilling.BillingMeterDetailsCaptureActivity"
300-->src\main\AndroidManifest.xml:296:13-89
301            android:configChanges="orientation|keyboardHidden"
301-->src\main\AndroidManifest.xml:297:13-63
302            android:label="@string/app_name"
302-->src\main\AndroidManifest.xml:298:13-45
303            android:screenOrientation="portrait"
303-->src\main\AndroidManifest.xml:299:13-49
304            android:windowSoftInputMode="adjustPan" >
304-->src\main\AndroidManifest.xml:300:13-52
305        </activity>
306        <activity
306-->src\main\AndroidManifest.xml:302:9-307:20
307            android:name="in.nsoft.hescomspotbilling.Collection_LatePaymentActivity"
307-->src\main\AndroidManifest.xml:303:13-85
308            android:configChanges="orientation|screenSize"
308-->src\main\AndroidManifest.xml:304:13-59
309            android:label="@string/app_name"
309-->src\main\AndroidManifest.xml:305:13-45
310            android:screenOrientation="portrait" >
310-->src\main\AndroidManifest.xml:306:13-49
311        </activity>
312        <activity
312-->src\main\AndroidManifest.xml:308:9-313:20
313            android:name="in.nsoft.hescomspotbilling.BillingConsumerDetailsActivity"
313-->src\main\AndroidManifest.xml:309:13-85
314            android:configChanges="orientation|screenSize"
314-->src\main\AndroidManifest.xml:310:13-59
315            android:label="@string/app_name"
315-->src\main\AndroidManifest.xml:311:13-45
316            android:screenOrientation="portrait" >
316-->src\main\AndroidManifest.xml:312:13-49
317        </activity>
318        <activity
318-->src\main\AndroidManifest.xml:314:9-319:20
319            android:name="in.nsoft.hescomspotbilling.BillingStartActivity"
319-->src\main\AndroidManifest.xml:315:13-75
320            android:configChanges="orientation|screenSize"
320-->src\main\AndroidManifest.xml:316:13-59
321            android:label="@string/app_name"
321-->src\main\AndroidManifest.xml:317:13-45
322            android:screenOrientation="portrait" >
322-->src\main\AndroidManifest.xml:318:13-49
323        </activity>
324        <activity
324-->src\main\AndroidManifest.xml:320:9-325:20
325            android:name="in.nsoft.hescomspotbilling.ReportTariffwiseActivity"
325-->src\main\AndroidManifest.xml:321:13-79
326            android:configChanges="orientation|screenSize"
326-->src\main\AndroidManifest.xml:322:13-59
327            android:label="@string/app_name"
327-->src\main\AndroidManifest.xml:323:13-45
328            android:screenOrientation="portrait" >
328-->src\main\AndroidManifest.xml:324:13-49
329        </activity>
330        <activity
330-->src\main\AndroidManifest.xml:326:9-331:20
331            android:name="in.nsoft.hescomspotbilling.DownloadAPKActivity"
331-->src\main\AndroidManifest.xml:327:13-74
332            android:configChanges="orientation|screenSize"
332-->src\main\AndroidManifest.xml:328:13-59
333            android:label="@string/app_name"
333-->src\main\AndroidManifest.xml:329:13-45
334            android:screenOrientation="portrait" >
334-->src\main\AndroidManifest.xml:330:13-49
335        </activity>
336        <activity
336-->src\main\AndroidManifest.xml:332:9-337:20
337            android:name="in.nsoft.hescomspotbilling.AboutMCCActivity"
337-->src\main\AndroidManifest.xml:333:13-71
338            android:configChanges="orientation|screenSize"
338-->src\main\AndroidManifest.xml:334:13-59
339            android:label="@string/app_name"
339-->src\main\AndroidManifest.xml:335:13-45
340            android:screenOrientation="portrait" >
340-->src\main\AndroidManifest.xml:336:13-49
341        </activity>
342        <activity
342-->src\main\AndroidManifest.xml:338:9-343:20
343            android:name="in.nsoft.hescomspotbilling.MCCHelpActivity"
343-->src\main\AndroidManifest.xml:339:13-70
344            android:configChanges="orientation|screenSize"
344-->src\main\AndroidManifest.xml:340:13-59
345            android:label="@string/app_name"
345-->src\main\AndroidManifest.xml:341:13-45
346            android:screenOrientation="portrait" >
346-->src\main\AndroidManifest.xml:342:13-49
347        </activity>
348        <activity
348-->src\main\AndroidManifest.xml:344:9-349:20
349            android:name="in.nsoft.hescomspotbilling.UARTLoopbackActivity"
349-->src\main\AndroidManifest.xml:345:13-49